0 info it worked if it ends with ok
1 verbose cli [ 'C:\\Program Files\\nodejs\\node.exe',
1 verbose cli   'C:\\Users\\Lei Liu\\AppData\\Roaming\\npm\\node_modules\\npm\\bin\\npm-cli.js',
1 verbose cli   'start' ]
2 info using npm@4.0.5
3 info using node@v10.7.0
4 verbose run-script [ 'prestart', 'start', 'poststart' ]
5 info lifecycle node-web-server@1.0.0~prestart: node-web-server@1.0.0
6 silly lifecycle node-web-server@1.0.0~prestart: no script for prestart, continuing
7 info lifecycle node-web-server@1.0.0~start: node-web-server@1.0.0
8 verbose lifecycle node-web-server@1.0.0~start: unsafe-perm in lifecycle true
9 verbose lifecycle node-web-server@1.0.0~start: PATH: C:\Users\Lei Liu\AppData\Roaming\npm\node_modules\npm\bin\node-gyp-bin;C:\Users\Lei Liu\Documents\nodes\node-web-server\node_modules\.bin;C:\Program Files (x86)\Intel\TXE Components\TCS\;C:\Program Files\Intel\TXE Components\TCS\;C:\WINDOWS\system32;C:\WINDOWS;C:\WINDOWS\System32\Wbem;C:\WINDOWS\System32\WindowsPowerShell\v1.0\;C:\Program Files\Intel\TXE Components\DAL\;C:\Program Files (x86)\Intel\TXE Components\DAL\;C:\Program Files\Intel\TXE Components\IPT\;C:\Program Files (x86)\Intel\TXE Components\IPT\;C:\Program Files\Microsoft SQL Server\130\Tools\Binn\;C:\Program Files (x86)\Microsoft SQL Server\120\Tools\Binn\;C:\Program Files (x86)\Microsoft SQL Server\120\Tools\Binn\ManagementStudio\;C:\Program Files (x86)\Microsoft SQL Server\120\DTS\Binn\;C:\Program Files (x86)\Microsoft Visual Studio 12.0\Common7\IDE\PrivateAssemblies\;C:\Program Files\Microsoft SQL Server\Client SDK\ODBC\130\Tools\Binn\;C:\Program Files (x86)\Microsoft SQL Server\130\Tools\Binn\;C:\Program Files\Microsoft SQL Server\130\DTS\Binn\;C:\Program Files (x86)\Microsoft SQL Server\Client SDK\ODBC\130\Tools\Binn\;C:\Program Files (x86)\Microsoft SQL Server\130\DTS\Binn\;C:\Program Files (x86)\Microsoft SQL Server\130\Tools\Binn\ManagementStudio\;C:\Program Files\Microsoft\Web Platform Installer\;C:\Program Files\dotnet\;C:\Program Files\MongoDB\Server\3.2\bin;C:\Program Files (x86)\Windows Kits\8.1\Windows Performance Toolkit\;C:\Program Files\Redis\;C:\Program Files (x86)\Brackets\command;C:\Go\bin;C:\Program Files (x86)\Microsoft SQL Server\140\DTS\Binn\;C:\Program Files (x86)\Microsoft VS Code\bin;C:\Program Files\nodejs\;C:\WINDOWS\System32\OpenSSH\;C:\Program Files\Git\cmd;C:\Python27\Scripts;C:\Python27;C:\Users\Lei Liu\AppData\Local\Microsoft\WindowsApps;C:\Users\Lei Liu\AppData\Local\atom\bin;C:\Program Files (x86)\Microsoft VS Code\bin;C:\Ruby22\bin;C:\Program Files\Heroku\bin;C:\Users\Lei Liu\AppData\Roaming\npm;
10 verbose lifecycle node-web-server@1.0.0~start: CWD: C:\Users\Lei Liu\Documents\nodes\node-web-server
11 silly lifecycle node-web-server@1.0.0~start: Args: [ '/d /s /c', 'node server.js' ]
12 silly lifecycle node-web-server@1.0.0~start: Returned: code: 3221225786  signal: null
13 info lifecycle node-web-server@1.0.0~start: Failed to exec start script
14 verbose stack Error: node-web-server@1.0.0 start: `node server.js`
14 verbose stack Exit status 3221225786
14 verbose stack     at EventEmitter.<anonymous> (C:\Users\Lei Liu\AppData\Roaming\npm\node_modules\npm\lib\utils\lifecycle.js:279:16)
14 verbose stack     at EventEmitter.emit (events.js:182:13)
14 verbose stack     at ChildProcess.<anonymous> (C:\Users\Lei Liu\AppData\Roaming\npm\node_modules\npm\lib\utils\spawn.js:40:14)
14 verbose stack     at ChildProcess.emit (events.js:182:13)
14 verbose stack     at maybeClose (internal/child_process.js:961:16)
14 verbose stack     at Process.ChildProcess._handle.onexit (internal/child_process.js:248:5)
15 verbose pkgid node-web-server@1.0.0
16 verbose cwd C:\Users\Lei Liu\Documents\nodes\node-web-server
17 error Windows_NT 10.0.17134
18 error argv "C:\\Program Files\\nodejs\\node.exe" "C:\\Users\\Lei Liu\\AppData\\Roaming\\npm\\node_modules\\npm\\bin\\npm-cli.js" "start"
19 error node v10.7.0
20 error npm  v4.0.5
21 error code ELIFECYCLE
22 error node-web-server@1.0.0 start: `node server.js`
22 error Exit status 3221225786
23 error Failed at the node-web-server@1.0.0 start script 'node server.js'.
23 error Make sure you have the latest version of node.js and npm installed.
23 error If you do, this is most likely a problem with the node-web-server package,
23 error not with npm itself.
23 error Tell the author that this fails on your system:
23 error     node server.js
23 error You can get information on how to open an issue for this project with:
23 error     npm bugs node-web-server
23 error Or if that isn't available, you can get their info via:
23 error     npm owner ls node-web-server
23 error There is likely additional logging output above.
24 verbose exit [ 1, true ]
